<?xml version="1.0" encoding="UTF-8"?>
<!-- Generated by org.testng.reporters.JUnitXMLReporter -->
<testsuite ignored="3" hostname="shubhams-MacBook-Pro.local" failures="0" tests="4" name="GRP-regression" time="0.042" errors="0" timestamp="08 Mar 2024 11:46:00 GMT">
  <testcase classname="SeleniumTests.Selenium_Groups" name="testRegression" time="0.01"/>
  <testcase classname="SeleniumTests.Selenium_Groups" name="testRegression_Sanity" time="0.001"/>
  <testcase classname="SeleniumTests.Selenium_Groups" name="testRegression_Smoke" time="0.001"/>
  <testcase classname="SeleniumTests.Selenium_Groups" name="testRegression_Smoke_Sanity" time="0.001"/>
  <testcase classname="SeleniumTests.Selenium_Groups" name="testSmoke_Sanity" time="0.0">
    <ignored/>
  </testcase> <!-- testSmoke_Sanity -->
  <testcase classname="SeleniumTests.Selenium_Groups" name="testSmoke" time="0.0">
    <ignored/>
  </testcase> <!-- testSmoke -->
  <testcase classname="SeleniumTests.Selenium_Groups" name="testSanity" time="0.0">
    <ignored/>
  </testcase> <!-- testSanity -->
</testsuite> <!-- GRP-regression -->
