<?xml version="1.0" encoding="UTF-8"?>
<!-- Generated by org.testng.reporters.JUnitXMLReporter -->
<testsuite ignored="0" hostname="shubhams-MacBook-Pro.local" failures="0" tests="4" name="Default test" time="12.27" errors="0" timestamp="05 Apr 2024 06:54:16 GMT">
  <testcase classname="SeleniumTests.EventsUsingActionClass" name="MouseHover" time="3.455"/>
  <testcase classname="SeleniumTests.EventsUsingActionClass" name="clickAndHold" time="3.591"/>
  <testcase classname="SeleniumTests.EventsUsingActionClass" name="doubleClick" time="1.268"/>
  <testcase classname="SeleniumTests.EventsUsingActionClass" name="dragAndDrop" time="1.339"/>
</testsuite> <!-- Default test -->
