<?xml version="1.0" encoding="UTF-8"?>
<!-- Generated by org.testng.reporters.JUnitXMLReporter -->
<testsuite ignored="3" hostname="shubhams-MacBook-Pro.local" failures="0" tests="1" name="Default test" time="7.897" errors="0" timestamp="05 Apr 2024 06:17:47 GMT">
  <testcase classname="SeleniumTests.EventsUsingActionClass" name="doubleClick" time="3.501"/>
  <testcase classname="SeleniumTests.EventsUsingActionClass" name="MouseHover" time="0.0">
    <ignored/>
  </testcase> <!-- MouseHover -->
  <testcase classname="SeleniumTests.EventsUsingActionClass" name="clickAndHold" time="0.0">
    <ignored/>
  </testcase> <!-- clickAndHold -->
  <testcase classname="SeleniumTests.EventsUsingActionClass" name="dragAndDrop" time="0.0">
    <ignored/>
  </testcase> <!-- dragAndDrop -->
</testsuite> <!-- Default test -->
