<?xml version="1.0" encoding="UTF-8"?>
<testng-results ignored="3" total="4" passed="1" failed="0" skipped="0">
  <reporter-output>
  </reporter-output>
  <suite started-at="2024-04-05T06:17:39Z" name="Default suite" finished-at="2024-04-05T06:17:47Z" duration-ms="7897">
    <groups>
    </groups>
    <test started-at="2024-04-05T06:17:39Z" name="Default test" finished-at="2024-04-05T06:17:47Z" duration-ms="7897">
      <class name="SeleniumTests.EventsUsingActionClass">
        <test-method is-config="true" signature="setUp()[pri:0, instance:SeleniumTests.EventsUsingActionClass@7ce69770]" started-at="2024-04-05T06:17:39Z" name="setUp" finished-at="2024-04-05T06:17:43Z" duration-ms="4259" status="PASS">
          <reporter-output>
          </reporter-output>
        </test-method> <!-- setUp -->
        <test-method signature="doubleClick()[pri:0, instance:SeleniumTests.EventsUsingActionClass@7ce69770]" started-at="2024-04-05T06:17:43Z" name="doubleClick" finished-at="2024-04-05T06:17:47Z" duration-ms="3501" status="PASS">
          <reporter-output>
          </reporter-output>
        </test-method> <!-- doubleClick -->
        <test-method is-config="true" signature="tearDown()[pri:0, instance:SeleniumTests.EventsUsingActionClass@7ce69770]" started-at="2024-04-05T06:17:47Z" name="tearDown" finished-at="2024-04-05T06:17:47Z" duration-ms="115" status="PASS">
          <reporter-output>
          </reporter-output>
        </test-method> <!-- tearDown -->
      </class> <!-- SeleniumTests.EventsUsingActionClass -->
    </test> <!-- Default test -->
  </suite> <!-- Default suite -->
</testng-results>
