<?xml version="1.0" encoding="UTF-8"?>
<testng-results ignored="0" total="4" passed="4" failed="0" skipped="0">
  <reporter-output>
  </reporter-output>
  <suite started-at="2024-04-05T06:54:04Z" name="Default suite" finished-at="2024-04-05T06:54:16Z" duration-ms="12270">
    <groups>
    </groups>
    <test started-at="2024-04-05T06:54:04Z" name="Default test" finished-at="2024-04-05T06:54:16Z" duration-ms="12270">
      <class name="SeleniumTests.EventsUsingActionClass">
        <test-method is-config="true" signature="setUp()[pri:0, instance:SeleniumTests.EventsUsingActionClass@2767e23c]" started-at="2024-04-05T06:54:04Z" name="setUp" finished-at="2024-04-05T06:54:07Z" duration-ms="2455" status="PASS">
          <reporter-output>
          </reporter-output>
        </test-method> <!-- setUp -->
        <test-method signature="MouseHover()[pri:0, instance:SeleniumTests.EventsUsingActionClass@2767e23c]" started-at="2024-04-05T06:54:07Z" name="MouseHover" finished-at="2024-04-05T06:54:10Z" duration-ms="3455" status="PASS">
          <reporter-output>
          </reporter-output>
        </test-method> <!-- MouseHover -->
        <test-method signature="clickAndHold()[pri:0, instance:SeleniumTests.EventsUsingActionClass@2767e23c]" started-at="2024-04-05T06:54:10Z" name="clickAndHold" finished-at="2024-04-05T06:54:14Z" duration-ms="3591" status="PASS">
          <reporter-output>
          </reporter-output>
        </test-method> <!-- clickAndHold -->
        <test-method signature="doubleClick()[pri:0, instance:SeleniumTests.EventsUsingActionClass@2767e23c]" started-at="2024-04-05T06:54:14Z" name="doubleClick" finished-at="2024-04-05T06:54:15Z" duration-ms="1268" status="PASS">
          <reporter-output>
          </reporter-output>
        </test-method> <!-- doubleClick -->
        <test-method signature="dragAndDrop()[pri:0, instance:SeleniumTests.EventsUsingActionClass@2767e23c]" started-at="2024-04-05T06:54:15Z" name="dragAndDrop" finished-at="2024-04-05T06:54:16Z" duration-ms="1339" status="PASS">
          <reporter-output>
          </reporter-output>
        </test-method> <!-- dragAndDrop -->
        <test-method is-config="true" signature="tearDown()[pri:0, instance:SeleniumTests.EventsUsingActionClass@2767e23c]" started-at="2024-04-05T06:54:16Z" name="tearDown" finished-at="2024-04-05T06:54:16Z" duration-ms="137" status="PASS">
          <reporter-output>
          </reporter-output>
        </test-method> <!-- tearDown -->
      </class> <!-- SeleniumTests.EventsUsingActionClass -->
    </test> <!-- Default test -->
  </suite> <!-- Default suite -->
</testng-results>
